<?xml version="1.0" encoding="UTF-8"?>
<!-- Generated by org.testng.reporters.JUnitReportReporter -->
<testsuite hostname="DESKTOP-57ATOU9" failures="0" tests="6" name="tests.CheckOut" time="82.673" errors="0" timestamp="2023-10-05T20:50:42 IST" skipped="0">
  <testcase classname="tests.CheckOut" name="login_check" time="45.532"/>
  <testcase classname="tests.CheckOut" name="loginuser" time="2.524"/>
  <testcase classname="tests.CheckOut" name="productcheck" time="2.549"/>
  <testcase classname="tests.CheckOut" name="buyitems" time="12.398"/>
  <testcase classname="tests.CheckOut" name="removeitems" time="9.483"/>
  <testcase classname="tests.CheckOut" name="payment" time="10.187"/>
</testsuite> <!-- tests.CheckOut -->
